<?xml version="1.0" encoding="UTF-8"?>
<testng-results ignored="0" total="1" passed="1" failed="0" skipped="0">
  <reporter-output>
  </reporter-output>
  <suite started-at="2022-06-26T00:42:52 BDT" name="Default suite" finished-at="2022-06-26T00:43:09 BDT" duration-ms="17527">
    <groups>
    </groups>
    <test started-at="2022-06-26T00:42:52 BDT" name="Default test" finished-at="2022-06-26T00:43:09 BDT" duration-ms="17527">
      <class name="TestCases.LoginTest">
        <test-method is-config="true" signature="openAppication()[pri:0, instance:TestCases.LoginTest@4659191b]" started-at="2022-06-26T00:42:52 BDT" name="openAppication" finished-at="2022-06-26T00:43:03 BDT" duration-ms="11281" status="PASS">
          <reporter-output>
          </reporter-output>
        </test-method> <!-- openAppication -->
        <test-method signature="login()[pri:0, instance:TestCases.LoginTest@4659191b]" started-at="2022-06-26T00:43:03 BDT" name="login" finished-at="2022-06-26T00:43:09 BDT" duration-ms="5900" status="PASS">
          <reporter-output>
          </reporter-output>
        </test-method> <!-- login -->
        <test-method is-config="true" signature="teardown()[pri:0, instance:TestCases.LoginTest@4659191b]" started-at="2022-06-26T00:43:09 BDT" name="teardown" finished-at="2022-06-26T00:43:09 BDT" duration-ms="266" status="PASS">
          <reporter-output>
          </reporter-output>
        </test-method> <!-- teardown -->
      </class> <!-- TestCases.LoginTest -->
    </test> <!-- Default test -->
  </suite> <!-- Default suite -->
</testng-results>
